0 info it worked if it ends with ok
1 verbose cli [ 'node', '/usr/local/bin/npm', 'install', 'morgan', '--save-dev' ]
2 info using npm@1.4.28
3 info using node@v0.10.35
4 warn package.json karma-phantomjs-launcher@0.1.4 No README data
5 verbose readDependencies using package.json deps
6 verbose cache add [ 'morgan', null ]
7 verbose cache add name=undefined spec="morgan" args=["morgan",null]
8 verbose parsed url { protocol: null,
8 verbose parsed url   slashes: null,
8 verbose parsed url   auth: null,
8 verbose parsed url   host: null,
8 verbose parsed url   port: null,
8 verbose parsed url   hostname: null,
8 verbose parsed url   hash: null,
8 verbose parsed url   search: null,
8 verbose parsed url   query: null,
8 verbose parsed url   pathname: 'morgan',
8 verbose parsed url   path: 'morgan',
8 verbose parsed url   href: 'morgan' }
9 silly lockFile 519bc3f0-morgan morgan
10 verbose lock morgan /Users/Diego/.npm/519bc3f0-morgan.lock
11 silly lockFile 519bc3f0-morgan morgan
12 silly lockFile 519bc3f0-morgan morgan
13 verbose addNamed [ 'morgan', '' ]
14 verbose addNamed [ null, '*' ]
15 silly lockFile aca3bbc6-morgan morgan@
16 verbose lock morgan@ /Users/Diego/.npm/aca3bbc6-morgan.lock
17 silly addNameRange { name: 'morgan', range: '*', hasData: false }
18 verbose request where is /morgan
19 verbose request registry https://registry.npmjs.org/
20 verbose request id aa5b11b0faf927e9
21 verbose url raw /morgan
22 verbose url resolving [ 'https://registry.npmjs.org/', './morgan' ]
23 verbose url resolved https://registry.npmjs.org/morgan
24 verbose request where is https://registry.npmjs.org/morgan
25 info trying registry request attempt 1 at 08:57:53
26 verbose etag "9AZ9ZS77NV9L49GJLO8EGGWI1"
27 http GET https://registry.npmjs.org/morgan
28 http 304 https://registry.npmjs.org/morgan
29 silly registry.get cb [ 304,
29 silly registry.get   { date: 'Fri, 23 Jan 2015 10:57:54 GMT',
29 silly registry.get     server: 'Apache',
29 silly registry.get     via: '1.1 varnish',
29 silly registry.get     'last-modified': 'Fri, 23 Jan 2015 10:57:19 GMT',
29 silly registry.get     'cache-control': 'max-age=60',
29 silly registry.get     etag: '"9AZ9ZS77NV9L49GJLO8EGGWI1"',
29 silly registry.get     age: '38',
29 silly registry.get     'x-served-by': 'cache-atl6230-ATL',
29 silly registry.get     'x-cache': 'HIT',
29 silly registry.get     'x-cache-hits': '2',
29 silly registry.get     'x-timer': 'S1422010674.347843,VS0,VE0',
29 silly registry.get     vary: 'Accept',
29 silly registry.get     'content-length': '0',
29 silly registry.get     'keep-alive': 'timeout=10, max=50',
29 silly registry.get     connection: 'Keep-Alive' } ]
30 verbose etag https://registry.npmjs.org/morgan from cache
31 silly addNameRange number 2 { name: 'morgan', range: '*', hasData: true }
32 silly addNameRange versions [ 'morgan',
32 silly addNameRange   [ '1.0.0',
32 silly addNameRange     '1.0.1',
32 silly addNameRange     '1.1.0',
32 silly addNameRange     '1.1.1',
32 silly addNameRange     '1.2.0',
32 silly addNameRange     '1.2.1',
32 silly addNameRange     '1.2.2',
32 silly addNameRange     '1.2.3',
32 silly addNameRange     '1.3.0',
32 silly addNameRange     '1.3.1',
32 silly addNameRange     '1.3.2',
32 silly addNameRange     '1.4.0',
32 silly addNameRange     '1.4.1',
32 silly addNameRange     '1.5.0',
32 silly addNameRange     '1.5.1' ] ]
33 verbose addNamed [ 'morgan', '1.5.1' ]
34 verbose addNamed [ '1.5.1', '1.5.1' ]
35 silly lockFile 7ab299d0-morgan-1-5-1 morgan@1.5.1
36 verbose lock morgan@1.5.1 /Users/Diego/.npm/7ab299d0-morgan-1-5-1.lock
37 silly lockFile 989d1ba9-pmjs-org-morgan-morgan-1-5-1-tgz https://registry.npmjs.org/morgan/-/morgan-1.5.1.tgz
38 verbose lock https://registry.npmjs.org/morgan/-/morgan-1.5.1.tgz /Users/Diego/.npm/989d1ba9-pmjs-org-morgan-morgan-1-5-1-tgz.lock
39 verbose addRemoteTarball [ 'https://registry.npmjs.org/morgan/-/morgan-1.5.1.tgz',
39 verbose addRemoteTarball   'a9688eed9187ab648d816fc09c696fae882e16f6' ]
40 info retry fetch attempt 1 at 08:57:54
41 verbose fetch to= /var/folders/p6/08_gk5vx7dd_8hv83x5jbwww0000gn/T/npm-45338-aRHIDW36/registry.npmjs.org/morgan/-/morgan-1.5.1.tgz
42 http GET https://registry.npmjs.org/morgan/-/morgan-1.5.1.tgz
43 http 200 https://registry.npmjs.org/morgan/-/morgan-1.5.1.tgz
44 silly lockFile 989d1ba9-pmjs-org-morgan-morgan-1-5-1-tgz https://registry.npmjs.org/morgan/-/morgan-1.5.1.tgz
45 silly lockFile 989d1ba9-pmjs-org-morgan-morgan-1-5-1-tgz https://registry.npmjs.org/morgan/-/morgan-1.5.1.tgz
46 silly lockFile 7ab299d0-morgan-1-5-1 morgan@1.5.1
47 silly lockFile 7ab299d0-morgan-1-5-1 morgan@1.5.1
48 silly lockFile aca3bbc6-morgan morgan@
49 silly lockFile aca3bbc6-morgan morgan@
50 error Error: EACCES, mkdir '/Users/Diego/.npm/morgan/1.5.1'
50 error  { [Error: EACCES, mkdir '/Users/Diego/.npm/morgan/1.5.1']
50 error   errno: 3,
50 error   code: 'EACCES',
50 error   path: '/Users/Diego/.npm/morgan/1.5.1',
50 error   parent: 'TourManager' }
51 error Please try running this command again as root/Administrator.
52 error System Darwin 14.0.0
53 error command "node" "/usr/local/bin/npm" "install" "morgan" "--save-dev"
54 error cwd /Users/Diego/Documents/workspace/tourManager
55 error node -v v0.10.35
56 error npm -v 1.4.28
57 error path /Users/Diego/.npm/morgan/1.5.1
58 error code EACCES
59 error errno 3
60 error stack Error: EACCES, mkdir '/Users/Diego/.npm/morgan/1.5.1'
61 verbose exit [ 3, true ]
